Arguments: 
  C:\Program Files\nodejs\node.exe C:\Program Files (x86)\Yarn\bin\yarn.js add -D typescript @type/node nodemon

PATH: 
  C:\Users\pranjal\bin;C:\Program Files\Git\mingw64\bin;C:\Program Files\Git\usr\local\bin;C:\Program Files\Git\usr\bin;C:\Program Files\Git\usr\bin;C:\Program Files\Git\mingw64\bin;C:\Program Files\Git\usr\bin;C:\Users\pranjal\bin;C:\WINDOWS\system32;C:\WINDOWS;C:\WINDOWS\System32\Wbem;C:\WINDOWS\System32\WindowsPowerShell\v1.0;C:\Program Files\dotnet;C:\MinGW\bin;C:\Program Files\Git\cmd;C:\Program Files\nodejs;C:\Program Files\Java\jdk-14.0.1\bin;C:\Program Files (x86)\Yarn\bin;C:\Program Files\MongoDB\Server\4.4\bin;C:\Users\pranjal\AppData\Local\Programs\Python\Python38-32\Scripts;C:\Users\pranjal\AppData\Local\Programs\Python\Python38-32;C:\Users\pranjal\AppData\Local\Programs\Microsoft VS Code\bin;C:\Users\pranjal\AppData\Roaming\npm;C:\Program Files\heroku\bin;C:\Program Files (x86)\Vim\vim82;C:\Users\pranjal\AppData\Local\Yarn\bin;C:\Program Files\MongoDB\Server\4.4\bin;C:\Program Files\Git\usr\bin\vendor_perl;C:\Program Files\Git\usr\bin\core_perl

Yarn version: 
  1.22.5

Node version: 
  12.16.3

Platform: 
  win32 x64

Trace: 
  Error: https://registry.yarnpkg.com/@type%2fnode: Not found
      at Request.params.callback [as _callback] (C:\Program Files (x86)\Yarn\lib\cli.js:66097:18)
      at Request.self.callback (C:\Program Files (x86)\Yarn\lib\cli.js:140749:22)
      at Request.emit (events.js:310:20)
      at Request.<anonymous> (C:\Program Files (x86)\Yarn\lib\cli.js:141721:10)
      at Request.emit (events.js:310:20)
      at IncomingMessage.<anonymous> (C:\Program Files (x86)\Yarn\lib\cli.js:141643:12)
      at Object.onceWrapper (events.js:416:28)
      at IncomingMessage.emit (events.js:322:22)
      at endReadableNT (_stream_readable.js:1187:12)
      at processTicksAndRejections (internal/process/task_queues.js:84:21)

npm manifest: 
  {
    "name": "skynet",
    "version": "1.0.0",
    "description": "A simple cloud store",
    "main": "main.ts",
    "scripts": {
      "test": "jest"
    },
    "repository": {
      "type": "git",
      "url": "git+https://github.com/masterchief01/skynet.git"
    },
    "author": "Pranjal Walia <pranjalwalia77@gmail.com>",
    "license": "MIT",
    "bugs": {
      "url": "https://github.com/masterchief01/skynet/issues"
    },
    "homepage": "https://github.com/masterchief01/skynet#readme",
    "dependencies": {}
  }

yarn manifest: 
  No manifest

Lockfile: 
  # THIS IS AN AUTOGENERATED FILE. DO NOT EDIT THIS FILE DIRECTLY.
  # yarn lockfile v1
